<?xml version="1.0" encoding="UTF-8"?>
<!-- Generated by org.testng.reporters.JUnitXMLReporter -->
<testsuite ignored="0" hostname="AARIZ" failures="0" tests="3" name="Default test" time="35.845" errors="0" timestamp="2026-01-13T11:36:34 IST">
  <testcase classname="com.comcast.crm.orgtest.CreateOrganizationTest" name="createOrgTest" time="6.669"/>
  <testcase classname="com.comcast.crm.orgtest.CreateOrganizationTest" name="createOrgWithIndustryTypeTest" time="8.173"/>
  <testcase classname="com.comcast.crm.orgtest.CreateOrganizationTest" name="createOrgWithPhoneNumber" time="8.126"/>
</testsuite> <!-- Default test -->
