<?xml version="1.0" encoding="UTF-8"?>
<!-- Generated by org.testng.reporters.JUnitXMLReporter -->
<testsuite ignored="2" hostname="AARIZ" failures="2" tests="6" name="Test" time="129.195" errors="0" timestamp="2026-08-24T13:56:47 IST">
  <testcase classname="com.comcast.crm.contacttest.CreateContactTest" name="createContactTest" time="23.316">
    <failure type="java.lang.AssertionError" message="expected [lastname] but found [Aariz_3690]">
      <![CDATA[java.lang.AssertionError: expected [lastname] but found [Aariz_3690]
at com.comcast.crm.contacttest.CreateContactTest.createContactTest(CreateContactTest.java:86)
at java.base/java.util.ArrayList.forEach(ArrayList.java:1596)
... Removed 31 stack frames]]>
    </failure>
  </testcase> <!-- createContactTest -->
  <testcase classname="com.comcast.crm.contacttest.CreateContactTest" name="createContactWithOrgTest" time="48.881"/>
  <testcase classname="com.comcast.crm.contacttest.CreateContactTest" name="createContactWithSupportDateTest" time="4.008"/>
  <testcase classname="com.comcast.crm.orgtest.CreateOrganizationTest" name="createOrgTest" time="7.585">
    <failure type="java.lang.AssertionError" message="expected [orgname] but found [kkr_493]">
      <![CDATA[java.lang.AssertionError: expected [orgname] but found [kkr_493]
at com.comcast.crm.orgtest.CreateOrganizationTest.createOrgTest(CreateOrganizationTest.java:62)
at java.base/java.util.ArrayList.forEach(ArrayList.java:1596)
... Removed 31 stack frames]]>
    </failure>
  </testcase> <!-- createOrgTest -->
  <testcase classname="com.comcast.crm.orgtest.CreateOrganizationTest" name="createOrgWithIndustryTypeTest" time="7.687"/>
  <testcase classname="com.comcast.crm.orgtest.CreateOrganizationTest" name="createOrgWithPhoneNumber" time="7.66"/>
  <testcase classname="com.comcast.crm.basetest.BaseClass" name="@BeforeSuite configBS" time="0.0">
    <ignored/>
  </testcase> <!-- @BeforeSuite configBS -->
  <testcase classname="com.comcast.crm.basetest.BaseClass" name="@AfterSuite configAS" time="0.0">
    <ignored/>
  </testcase> <!-- @AfterSuite configAS -->
</testsuite> <!-- Test -->
