<?xml version="1.0" encoding="UTF-8"?>
<!-- Generated by org.testng.reporters.JUnitXMLReporter -->
<testsuite ignored="4" hostname="AARIZ" failures="0" tests="4" name="Test" time="54.406" errors="0" timestamp="2026-01-13T11:59:39 IST">
  <testcase classname="com.comcast.crm.contacttest.CreateContactTest" name="createContactWithOrgTest" time="12.071"/>
  <testcase classname="com.comcast.crm.contacttest.CreateContactTest" name="createContactWithSupportDateTest" time="5.852"/>
  <testcase classname="com.comcast.crm.orgtest.CreateOrganizationTest" name="createOrgWithIndustryTypeTest" time="7.834"/>
  <testcase classname="com.comcast.crm.orgtest.CreateOrganizationTest" name="createOrgWithPhoneNumber" time="6.568"/>
  <testcase classname="com.comcast.crm.contacttest.CreateContactTest" name="createContactTest" time="0.0">
    <ignored/>
  </testcase> <!-- createContactTest -->
  <testcase classname="com.comcast.crm.basetest.BaseClass" name="@BeforeSuite configBS" time="0.0">
    <ignored/>
  </testcase> <!-- @BeforeSuite configBS -->
  <testcase classname="com.comcast.crm.basetest.BaseClass" name="@AfterSuite configAS" time="0.0">
    <ignored/>
  </testcase> <!-- @AfterSuite configAS -->
  <testcase classname="com.comcast.crm.orgtest.CreateOrganizationTest" name="createOrgTest" time="0.0">
    <ignored/>
  </testcase> <!-- createOrgTest -->
</testsuite> <!-- Test -->
