<?xml version="1.0" encoding="UTF-8"?>
<!-- Generated by org.testng.reporters.JUnitReportReporter -->
<testsuite hostname="AARIZ" failures="0" tests="3" name="com.comcast.crm.contacttest.CreateContactTest" time="34.264" errors="0" timestamp="2026-01-03T10:21:40 IST" skipped="0">
  <testcase classname="com.comcast.crm.contacttest.CreateContactTest" name="createContactWithSupportDateTest" time="13.915"/>
  <testcase classname="com.comcast.crm.contacttest.CreateContactTest" name="createContactTest" time="7.268"/>
  <testcase classname="com.comcast.crm.contacttest.CreateContactTest" name="createContactWithOrgTest" time="13.081"/>
</testsuite> <!-- com.comcast.crm.contacttest.CreateContactTest -->
