<?xml version="1.0" encoding="UTF-8"?>
<!-- Generated by org.testng.reporters.JUnitReportReporter -->
<testsuite hostname="AARIZ" failures="0" tests="3" name="com.comcast.crm.contacttest.CreateContactTest" time="34.963" errors="0" timestamp="2026-01-13T16:59:14 IST" skipped="0">
  <testcase classname="com.comcast.crm.contacttest.CreateContactTest" name="createContactWithOrgTest" time="19.012"/>
  <testcase classname="com.comcast.crm.contacttest.CreateContactTest" name="createContactWithSupportDateTest" time="7.744"/>
  <testcase classname="com.comcast.crm.contacttest.CreateContactTest" name="createContactTest" time="8.207"/>
</testsuite> <!-- com.comcast.crm.contacttest.CreateContactTest -->
