<?xml version="1.0" encoding="UTF-8"?>
<!-- Generated by org.testng.reporters.JUnitReportReporter -->
<testsuite hostname="AARIZ" failures="0" tests="2" name="practice.test.CreateContactTest" time="0.031" errors="0" timestamp="2025-12-24T13:23:17 IST" skipped="0">
  <testcase classname="practice.test.CreateContactTest" name="createContact" time="0.020"/>
  <testcase classname="practice.test.CreateContactTest" name="createContactWithDate" time="0.011"/>
</testsuite> <!-- practice.test.CreateContactTest -->
