<?xml version="1.0" encoding="UTF-8"?>
<testng-results ignored="4" total="6" passed="2" failed="0" skipped="0">
  <reporter-output>
  </reporter-output>
  <suite started-at="2026-08-24T14:52:14 IST" name="Failed suite [Suite]" finished-at="2026-08-24T14:52:45 IST" duration-ms="31114">
    <groups>
      <group name="smokeTest">
        <method signature="CreateContactTest.createContactTest()[pri:0, instance:com.comcast.crm.contacttest.CreateContactTest@782859e]" name="createContactTest" class="com.comcast.crm.contacttest.CreateContactTest"/>
        <method signature="CreateOrganizationTest.createOrgTest()[pri:0, instance:com.comcast.crm.orgtest.CreateOrganizationTest@5db6b9cd]" name="createOrgTest" class="com.comcast.crm.orgtest.CreateOrganizationTest"/>
      </group> <!-- smokeTest -->
    </groups>
    <test started-at="2026-08-24T14:52:14 IST" name="Test(failed)" finished-at="2026-08-24T14:52:45 IST" duration-ms="31114">
      <class name="com.comcast.crm.orgtest.CreateOrganizationTest">
        <test-method is-config="true" signature="configBC()[pri:0, instance:com.comcast.crm.orgtest.CreateOrganizationTest@5db6b9cd]" started-at="2026-08-24T14:52:33 IST" name="configBC" finished-at="2026-08-24T14:52:35 IST" duration-ms="1768" status="PASS">
          <reporter-output>
          </reporter-output>
        </test-method> <!-- configBC -->
        <test-method is-config="true" signature="configBM()[pri:0, instance:com.comcast.crm.orgtest.CreateOrganizationTest@5db6b9cd]" started-at="2026-08-24T14:52:35 IST" name="configBM" finished-at="2026-08-24T14:52:39 IST" duration-ms="3792" status="PASS">
          <reporter-output>
          </reporter-output>
        </test-method> <!-- configBM -->
        <test-method signature="createOrgTest()[pri:0, instance:com.comcast.crm.orgtest.CreateOrganizationTest@5db6b9cd]" started-at="2026-08-24T14:52:39 IST" name="createOrgTest" finished-at="2026-08-24T14:52:44 IST" duration-ms="4872" status="PASS">
          <reporter-output>
          </reporter-output>
        </test-method> <!-- createOrgTest -->
        <test-method is-config="true" signature="configAM()[pri:0, instance:com.comcast.crm.orgtest.CreateOrganizationTest@5db6b9cd]" started-at="2026-08-24T14:52:44 IST" name="configAM" finished-at="2026-08-24T14:52:45 IST" duration-ms="916" status="PASS">
          <reporter-output>
          </reporter-output>
        </test-method> <!-- configAM -->
        <test-method is-config="true" signature="configAC()[pri:0, instance:com.comcast.crm.orgtest.CreateOrganizationTest@5db6b9cd]" started-at="2026-08-24T14:52:45 IST" name="configAC" finished-at="2026-08-24T14:52:45 IST" duration-ms="341" status="PASS">
          <reporter-output>
          </reporter-output>
        </test-method> <!-- configAC -->
      </class> <!-- com.comcast.crm.orgtest.CreateOrganizationTest -->
      <class name="com.comcast.crm.contacttest.CreateContactTest">
        <test-method is-config="true" signature="configBS()[pri:0, instance:com.comcast.crm.contacttest.CreateContactTest@782859e]" started-at="2026-08-24T14:52:13 IST" name="configBS" finished-at="2026-08-24T14:52:14 IST" duration-ms="904" status="PASS">
          <reporter-output>
          </reporter-output>
        </test-method> <!-- configBS -->
        <test-method is-config="true" signature="configBC()[pri:0, instance:com.comcast.crm.contacttest.CreateContactTest@782859e]" started-at="2026-08-24T14:52:14 IST" name="configBC" finished-at="2026-08-24T14:52:20 IST" duration-ms="6253" status="PASS">
          <reporter-output>
          </reporter-output>
        </test-method> <!-- configBC -->
        <test-method is-config="true" signature="configBM()[pri:0, instance:com.comcast.crm.contacttest.CreateContactTest@782859e]" started-at="2026-08-24T14:52:20 IST" name="configBM" finished-at="2026-08-24T14:52:25 IST" duration-ms="4597" status="PASS">
          <reporter-output>
          </reporter-output>
        </test-method> <!-- configBM -->
        <test-method signature="createContactTest()[pri:0, instance:com.comcast.crm.contacttest.CreateContactTest@782859e]" started-at="2026-08-24T14:52:25 IST" name="createContactTest" finished-at="2026-08-24T14:52:31 IST" duration-ms="6530" status="PASS">
          <reporter-output>
          </reporter-output>
        </test-method> <!-- createContactTest -->
        <test-method is-config="true" signature="configAM()[pri:0, instance:com.comcast.crm.contacttest.CreateContactTest@782859e]" started-at="2026-08-24T14:52:32 IST" name="configAM" finished-at="2026-08-24T14:52:32 IST" duration-ms="959" status="PASS">
          <reporter-output>
          </reporter-output>
        </test-method> <!-- configAM -->
        <test-method is-config="true" signature="configAC()[pri:0, instance:com.comcast.crm.contacttest.CreateContactTest@782859e]" started-at="2026-08-24T14:52:32 IST" name="configAC" finished-at="2026-08-24T14:52:33 IST" duration-ms="1000" status="PASS">
          <reporter-output>
          </reporter-output>
        </test-method> <!-- configAC -->
        <test-method is-config="true" signature="configAS()[pri:0, instance:com.comcast.crm.contacttest.CreateContactTest@782859e]" started-at="2026-08-24T14:52:45 IST" name="configAS" finished-at="2026-08-24T14:52:45 IST" duration-ms="1" status="PASS">
          <reporter-output>
          </reporter-output>
        </test-method> <!-- configAS -->
      </class> <!-- com.comcast.crm.contacttest.CreateContactTest -->
    </test> <!-- Test(failed) -->
  </suite> <!-- Failed suite [Suite] -->
</testng-results>
